2019-03-07 08:43:07
<xml><ToUserName><![CDATA[gh_95bbf404d736]]></ToUserName>
<FromUserName><![CDATA[oC1Nz0f7SOROnxM2dOIMHNJJWyY4]]></FromUserName>
<CreateTime>1551947895</CreateTime>
<MsgType><![CDATA[event]]></MsgType>
<Event><![CDATA[subscribe]]></Event>
<EventKey><![CDATA[]]></EventKey>
</xml>
<<<<<<2019-03-07 08:43:29
<xml><ToUserName><![CDATA[gh_95bbf404d736]]></ToUserName>
<FromUserName><![CDATA[oC1Nz0f7SOROnxM2dOIMHNJJWyY4]]></FromUserName>
<CreateTime>1551947895</CreateTime>
<MsgType><![CDATA[event]]></MsgType>
<Event><![CDATA[subscribe]]></Event>
<EventKey><![CDATA[]]></EventKey>
</xml>
<<<<<<2019-03-07 08:44:34
<xml><ToUserName><![CDATA[gh_95bbf404d736]]></ToUserName>
<FromUserName><![CDATA[oC1Nz0f7SOROnxM2dOIMHNJJWyY4]]></FromUserName>
<CreateTime>1551947895</CreateTime>
<MsgType><![CDATA[event]]></MsgType>
<Event><![CDATA[subscribe]]></Event>
<EventKey><![CDATA[]]></EventKey>
</xml>
<<<<<<